<?xml version="1.0" encoding="UTF-8"?>
<testng-results ignored="0" total="1" passed="1" failed="0" skipped="0">
  <reporter-output>
  </reporter-output>
  <suite started-at="2021-06-18T00:33:09 IST" name="Default suite" finished-at="2021-06-18T00:33:15 IST" duration-ms="5920">
    <groups>
    </groups>
    <test started-at="2021-06-18T00:33:09 IST" name="Default test" finished-at="2021-06-18T00:33:15 IST" duration-ms="5920">
      <class name="pom.testclasses.Loginacti">
        <test-method signature="test()[pri:0, instance:pom.testclasses.Loginacti@35aea049]" started-at="2021-06-18T00:33:09 IST" name="test" finished-at="2021-06-18T00:33:15 IST" duration-ms="5866" status="PASS">
          <reporter-output>
          </reporter-output>
        </test-method> <!-- test -->
      </class> <!-- pom.testclasses.Loginacti -->
    </test> <!-- Default test -->
  </suite> <!-- Default suite -->
</testng-results>
